── Attaching core tidyverse packages ──────────────────────── tidyverse 2.0.0 ──
✔ dplyr     1.1.4     ✔ readr     2.1.5
✔ forcats   1.0.0     ✔ stringr   1.5.1
✔ ggplot2   3.5.1     ✔ tibble    3.2.1
✔ lubridate 1.9.3     ✔ tidyr     1.3.1
✔ purrr     1.0.2     
── Conflicts ────────────────────────────────────────── tidyverse_conflicts() ──
✖ purrr::accumulate()  masks foreach::accumulate()
✖ dplyr::between()     masks data.table::between()
✖ dplyr::filter()      masks stats::filter()
✖ dplyr::first()       masks data.table::first()
✖ lubridate::hour()    masks data.table::hour()
✖ lubridate::isoweek() masks data.table::isoweek()
✖ dplyr::lag()         masks stats::lag()
✖ dplyr::last()        masks data.table::last()
✖ lubridate::mday()    masks data.table::mday()
✖ lubridate::minute()  masks data.table::minute()
✖ lubridate::month()   masks data.table::month()
✖ lubridate::quarter() masks data.table::quarter()
✖ lubridate::second()  masks data.table::second()
✖ dplyr::select()      masks MASS::select()
✖ purrr::transpose()   masks data.table::transpose()
✖ lubridate::wday()    masks data.table::wday()
✖ lubridate::week()    masks data.table::week()
✖ purrr::when()        masks foreach::when()
✖ lubridate::yday()    masks data.table::yday()
✖ lubridate::year()    masks data.table::year()
ℹ Use the conflicted package (<http://conflicted.r-lib.org/>) to force all conflicts to become errors
Loading required package: iterators

Attaching package: ‘assertthat’

The following object is masked from ‘package:tibble’:

    has_name

        R/01_model_inputs_functions.R R/02_decision_model_functions.R
value   ?                             ?                              
visible FALSE                         FALSE                          
        R/03_calibration_general_functions.R R/03a_baycann_functions.R
value   ?                                    ?                        
visible FALSE                                FALSE                    
        R/utils/data_processing.R R/utils/distr_empirical.R
value   ?                         ?                        
visible FALSE                     FALSE                    
        R/utils/epi_functions.R R/utils/query_distr.R R/utils/sum_of_cdfs.R
value   ?                       ?                     ?                    
visible FALSE                   FALSE                 FALSE                
Warning message:
In readLines(file, warn = readLines.warn) :
  incomplete final line found on 'configs/configs.yaml'
<environment: R_GlobalEnv>
<environment: R_GlobalEnv>
[1] "Running on Sherlock"
[1] "# parallel workers: 12"
----- Wed Mar 12 10:02:57 PM 2025 -----
New IMABC with specifications:
Max iterations                           = 2000
Starting simulation size                 = 13000
Number of centers of mass                = 10
Number of samples around each center     = 50
Minimum valid samples to end calibration = 1000
Current bound info:
---- prevalence_lesion ----
prevalence_lesion_30_40: 0.0539015215695472 - 0.170598734709285
prevalence_lesion_40_50: 0.109206137402131 - 0.252899125755763
prevalence_lesion_50_60: 0.162949481925781 - 0.329936118529541
prevalence_lesion_60_70: 0.200834410753873 - 0.388382534047153
prevalence_lesion_70_80: 0.208041098172605 - 0.433368593457351
---- n_lesions ----
n_lesions_1: 0.323029280410043 - 0.498503212315467
n_lesions_2: 0.208550587354926 - 0.370498879182416
n_lesions_3: 0.217927456852685 - 0.381490583884462
---- prevalence ----
prevalence_30_40: -0.00702129602687659 - 0.00906419694618201
prevalence_40_50: -0.0098716179940919 - 0.0245236326461066
prevalence_50_60: -0.00973909019738764 - 0.040666925248934
prevalence_60_70: -0.0111885284793288 - 0.0432398105306108
prevalence_70_80: -0.0153179595865168 - 0.0620805495145744
---- incidence ----
incidence_30_40: 30.3414138181135 - 66.0490819599443
incidence_40_50: 96.4989808788907 - 154.903469917193
incidence_50_60: 217.411288507747 - 303.885073979901
incidence_60_70: 367.918550461882 - 485.871484955994
incidence_70_80: 506.286955309918 - 665.497030071276
incidence_80_90: 599.649057187356 - 847.057478395858
---- stage_distr ----
stage_distr_1: 0.218975054628857 - 0.278368661257905
stage_distr_2: 0.229680127248424 - 0.289932710245208
stage_distr_3: 0.189033542014039 - 0.245723753670409
stage_distr_4: 0.243500639540501 - 0.304785511394657

---------- Start Iter 1 ----------
Starting at: 2025-03-12 22:02:58.640378
Current in range draws = 0
Current bound info:
---- prevalence_lesion ----
prevalence_lesion_30_40: 0.0539015215695472 - 0.170598734709285
prevalence_lesion_40_50: 0.109206137402131 - 0.252899125755763
prevalence_lesion_50_60: 0.162949481925781 - 0.329936118529541
prevalence_lesion_60_70: 0.200834410753873 - 0.388382534047153
prevalence_lesion_70_80: 0.208041098172605 - 0.433368593457351
---- n_lesions ----
n_lesions_1: 0.323029280410043 - 0.498503212315467
n_lesions_2: 0.208550587354926 - 0.370498879182416
n_lesions_3: 0.217927456852685 - 0.381490583884462
---- prevalence ----
prevalence_30_40: -0.00702129602687659 - 0.00906419694618201
prevalence_40_50: -0.0098716179940919 - 0.0245236326461066
prevalence_50_60: -0.00973909019738764 - 0.040666925248934
prevalence_60_70: -0.0111885284793288 - 0.0432398105306108
prevalence_70_80: -0.0153179595865168 - 0.0620805495145744
---- incidence ----
incidence_30_40: 30.3414138181135 - 66.0490819599443
incidence_40_50: 96.4989808788907 - 154.903469917193
incidence_50_60: 217.411288507747 - 303.885073979901
incidence_60_70: 367.918550461882 - 485.871484955994
incidence_70_80: 506.286955309918 - 665.497030071276
incidence_80_90: 599.649057187356 - 847.057478395858
---- stage_distr ----
stage_distr_1: 0.218975054628857 - 0.278368661257905
stage_distr_2: 0.229680127248424 - 0.289932710245208
stage_distr_3: 0.189033542014039 - 0.245723753670409
stage_distr_4: 0.243500639540501 - 0.304785511394657
