── Attaching core tidyverse packages ──────────────────────── tidyverse 2.0.0 ──
✔ dplyr     1.1.4     ✔ readr     2.1.5
✔ forcats   1.0.0     ✔ stringr   1.5.1
✔ ggplot2   3.5.1     ✔ tibble    3.2.1
✔ lubridate 1.9.3     ✔ tidyr     1.3.1
✔ purrr     1.0.2     
── Conflicts ────────────────────────────────────────── tidyverse_conflicts() ──
✖ dplyr::filter() masks stats::filter()
✖ dplyr::lag()    masks stats::lag()
ℹ Use the conflicted package (<http://conflicted.r-lib.org/>) to force all conflicts to become errors
Loading required package: foreach

Attaching package: ‘foreach’

The following objects are masked from ‘package:purrr’:

    accumulate, when

Loading required package: iterators
Loading required package: parallel

Attaching package: ‘data.table’

The following objects are masked from ‘package:lubridate’:

    hour, isoweek, mday, minute, month, quarter, second, wday, week,
    yday, year

The following objects are masked from ‘package:dplyr’:

    between, first, last

The following object is masked from ‘package:purrr’:

    transpose

        R/01_model_inputs_functions.R R/02_decision_model_functions.R
value   ?                             ?                              
visible FALSE                         FALSE                          
        R/03_calibration_general_functions.R R/03a_baycann_functions.R
value   ?                                    ?                        
visible FALSE                                FALSE                    
        R/utils/data_processing.R R/utils/distr_empirical.R
value   ?                         ?                        
visible FALSE                     FALSE                    
        R/utils/epi_functions.R R/utils/query_distr.R R/utils/sum_of_cdfs.R
value   ?                       ?                     ?                    
visible FALSE                   FALSE                 FALSE                
<environment: R_GlobalEnv>
[1] "Running on Sherlock"
[1] "# parallel workers: 8"
     user    system   elapsed 
43316.753   121.649  5506.733 
